Wed Oct 10 16:09:57 2012  
Wed Oct 10 16:09:57 2012  
Wed Oct 10 16:09:57 2012  Msieve v. 1.50 (SVN Unversioned directory)
Wed Oct 10 16:09:57 2012  random seeds: 9f97c639 f8c9f47a
Wed Oct 10 16:09:57 2012  factoring 5 (1 digits)
Wed Oct 10 16:09:57 2012  p1 factor: 5
Wed Oct 10 16:09:57 2012  elapsed time 00:00:00
Wed Oct 10 16:10:00 2012  
Wed Oct 10 16:10:00 2012  
Wed Oct 10 16:10:00 2012  Msieve v. 1.50 (SVN Unversioned directory)
Wed Oct 10 16:10:00 2012  random seeds: 4bfadfa9 926acfc1
Wed Oct 10 16:10:00 2012  factoring 6 (1 digits)
Wed Oct 10 16:10:00 2012  p1 factor: 2
Wed Oct 10 16:10:00 2012  p1 factor: 3
Wed Oct 10 16:10:00 2012  elapsed time 00:00:00
Wed Oct 10 16:10:27 2012  
Wed Oct 10 16:10:27 2012  
Wed Oct 10 16:10:27 2012  Msieve v. 1.50 (SVN Unversioned directory)
Wed Oct 10 16:10:27 2012  random seeds: 09d205ef d299c133
Wed Oct 10 16:10:27 2012  factoring 44444444444444444444444444 (26 digits)
Wed Oct 10 16:10:27 2012  p1 factor: 2
Wed Oct 10 16:10:27 2012  p1 factor: 2
Wed Oct 10 16:10:27 2012  p2 factor: 11
Wed Oct 10 16:10:27 2012  p2 factor: 53
Wed Oct 10 16:10:27 2012  p2 factor: 79
Wed Oct 10 16:10:27 2012  p3 factor: 859
Wed Oct 10 16:10:27 2012  p9 factor: 265371653
Wed Oct 10 16:10:27 2012  p10 factor: 1058313049
Wed Oct 10 16:10:27 2012  elapsed time 00:00:00
