This file contains any messages produced by compilers while
running configure, to aid debugging if configure makes a mistake.

configure:582: checking for a BSD compatible install
configure:635: checking whether build environment is sane
configure:692: checking whether make sets ${MAKE}
configure:738: checking for working aclocal
configure:751: checking for working autoconf
configure:764: checking for working automake
configure:777: checking for working autoheader
configure:790: checking for working makeinfo
configure:809: checking for gcc
configure:922: checking whether the C compiler (gcc  ) works
configure:938: gcc -o conftest    conftest.c  1>&5
configure:964: checking whether the C compiler (gcc  ) is a cross-compiler
configure:969: checking whether we are using GNU C
configure:997: checking whether gcc accepts -g
configure:1029: checking how to run the C preprocessor
configure:1109: checking for ANSI C header files
configure:1289: checking host system type
configure:1310: checking build system type
configure:1330: checking for ranlib
configure:1369: checking for ld used by GCC
configure:1431: checking if the linker (/usr/bin/ld) is GNU ld
configure:1447: checking for BSD-compatible nm
configure:1483: checking whether ln -s works
ltconfig:601: checking for object suffix
ltconfig:602: gcc -c -g -O2  conftest.c 1>&5
ltconfig:732: checking if gcc PIC flag -fPIC works
ltconfig:733: gcc -c -g -O2 -fPIC -DPIC  conftest.c 1>&5
ltconfig:785: checking if gcc supports -c -o file.o
ltconfig:786: gcc -c -g -O2 -o out/conftest2.o  conftest.c 1>&5
ltconfig:818: checking if gcc supports -c -o file.lo
ltconfig:819: gcc -c -g -O2 -c -o conftest.lo  conftest.c 1>&5
ltconfig:870: checking if gcc supports -fno-rtti -fno-exceptions
ltconfig:871: gcc -c -g -O2 -fno-rtti -fno-exceptions -c conftest.c  conftest.c 1>&5
ltconfig:914: checking if gcc static flag -static works
ltconfig:915: gcc -o conftest -g -O2   -static conftest.c  1>&5
GNU ld (GNU Binutils) 2.22.0.20120323
ltconfig:1507: checking if global_symbol_pipe works
ltconfig:1508: gcc -c -g -O2  conftest.c 1>&5
ltconfig:1511: eval "/usr/bin/nm -B conftest.o | sed -n -e 's/^.*[ 	]\([ABCDGISTW]\)[ 	][ 	]*\(\)\([_A-Za-z][_A-Za-z0-9]*\)$/\1 \2\3 \3/p' > conftest.nm"
ltconfig:1563: gcc -o conftest -g -O2 -fno-builtin   conftest.c conftstm.o 1>&5
ltconfig:2063: checking for dlopen
ltconfig:2090: gcc -o conftest -g -O2 -fno-builtin   conftest.c  1>&5
/tmp/ccGFbjwx.o: In function `main':
/home/manizzle/code/misteryou/crypto200/crank-0.2.1/ltconfig:2084: undefined reference to `dlopen'
collect2: error: ld returned 1 exit status
ltconfig: failed program was:
#line 2068 "ltconfig"
/* System header to define __stub macros and hopefully few prototypes,
    which can conflict with char dlopen(); below.  */
#include <assert.h>
/* Override any gcc2 internal prototype to avoid an error.  */
/* We use char because int might match the return type of a gcc2
    builtin and then its argument prototype would still apply.  */
char dlopen();

int main() {

/* The GNU C library defines this for functions which it implements
    to always fail with ENOSYS.  Some functions are actually named
    something starting with __ and the normal name is an alias.  */
#if defined (__stub_dlopen) || defined (__stub___dlopen)
choke me
#else
dlopen();
#endif

; return 0; }
ltconfig:2108: checking for dlopen in -ldl
ltconfig:2126: gcc -o conftest -g -O2 -fno-builtin   conftest.c -ldl   1>&5
ltconfig:2289: checking for dlfcn.h
ltconfig:2299: gcc -c -g -O2 -fno-builtin  conftest.c 1>&5 conftest.c >/dev/null 2>conftest.out
ltconfig:2327: checking whether a program can dlopen itself
ltconfig:2381: gcc -o conftest -g -O2 -fno-builtin  -DHAVE_DLFCN_H  -Wl,--export-dynamic conftest.c -ldl  1>&5
ltconfig:2400: checking whether a statically linked program can dlopen itself
ltconfig:2454: gcc -o conftest -g -O2 -fno-builtin  -DHAVE_DLFCN_H  -Wl,--export-dynamic -static conftest.c -ldl  1>&5
/tmp/ccCWOYJP.o: In function `main':
/home/manizzle/code/misteryou/crypto200/crank-0.2.1/ltconfig:2448: warning: Using 'dlopen' in statically linked applications requires at runtime the shared libraries from the glibc version used for linking
/usr/bin/ld: dynamic STT_GNU_IFUNC symbol `strcmp' with pointer equality in `/usr/lib/gcc/x86_64-unknown-linux-gnu/4.7.1/../../../../lib/libc.a(strcmp.o)' can not be used when making an executable; recompile with -fPIE and relink with -pie
collect2: error: ld returned 1 exit status
ltconfig: failed program was:
#line 2408 "ltconfig"

#if HAVE_DLFCN_H
#include <dlfcn.h>
#endif

#include <stdio.h>

#ifdef RTLD_GLOBAL
# define LTDL_GLOBAL	RTLD_GLOBAL
#else
# ifdef DL_GLOBAL
#  define LTDL_GLOBAL	DL_GLOBAL
# else
#  define LTDL_GLOBAL	0
# endif
#endif

/* We may have to define LTDL_LAZY_OR_NOW in the command line if we
   find out it does not work in some platform. */
#ifndef LTDL_LAZY_OR_NOW
# ifdef RTLD_LAZY
#  define LTDL_LAZY_OR_NOW	RTLD_LAZY
# else
#  ifdef DL_LAZY
#   define LTDL_LAZY_OR_NOW	DL_LAZY
#  else
#   ifdef RTLD_NOW
#    define LTDL_LAZY_OR_NOW	RTLD_NOW
#   else
#    ifdef DL_NOW
#     define LTDL_LAZY_OR_NOW	DL_NOW
#    else
#     define LTDL_LAZY_OR_NOW	0
#    endif
#   endif
#  endif
# endif
#endif

fnord() { int i=42;}
main() { void *self, *ptr1, *ptr2; self=dlopen(0,LTDL_GLOBAL|LTDL_LAZY_OR_NOW);
    if(self) { ptr1=dlsym(self,"fnord"); ptr2=dlsym(self,"_fnord");
    if(ptr1 || ptr2) exit(0); } exit(1); } 

configure:1678: checking for dirent.h that defines DIR
configure:1691: gcc -c -g -O2  conftest.c 1>&5
configure:1716: checking for opendir in -ldir
configure:1735: gcc -o conftest -g -O2   conftest.c -ldir   1>&5
/usr/bin/ld: cannot find -ldir
collect2: error: ld returned 1 exit status
configure: failed program was:
#line 1724 "configure"
#include "confdefs.h"
/* Override any gcc2 internal prototype to avoid an error.  */
/* We use char because int might match the return type of a gcc2
    builtin and then its argument prototype would still apply.  */
char opendir();

int main() {
opendir()
; return 0; }
configure:1800: checking for long file names
configure:1844: checking for mingw32 environment
configure:1856: gcc -c -g -O2  conftest.c 1>&5
configure: In function 'main':
configure:1852:8: error: '__MINGW32__' undeclared (first use in this function)
configure:1852:8: note: each undeclared identifier is reported only once for each function it appears in
configure: failed program was:
#line 1849 "configure"
#include "confdefs.h"

int main() {
return __MINGW32__;
; return 0; }
configure:1922: checking for gtk-config
configure:1957: checking for GTK - version >= 0.99.7
configure:2058: gcc -o conftest -g -O2 -I/usr/include/gtk-1.2 -I/usr/include/glib-1.2 -I/usr/lib/glib/include   conftest.c -L/usr/lib -lgtk -lgdk -lgmodule -lglib -ldl -lXi -lXext -lX11 -lm  1>&5
configure:2148: checking for scm_set_smob_mark in -lguile
configure:2167: gcc -o conftest -g -O2   conftest.c -lguile   1>&5
